# JRE version: OpenJDK Runtime Environment (11.0.15) (build 11.0.15+0-b2043.56-9505619)
# Java VM: OpenJDK 64-Bit Server VM (11.0.15+0-b2043.56-9505619, mixed mode, tiered, compressed oops, g1 gc, windows-amd64)
Heap:
 garbage-first heap   total 425984K, used 223744K [0x0000000080000000, 0x0000000100000000)
  region size 1024K, 6 young (6144K), 6 survivors (6144K)
 Metaspace       used 115676K, capacity 118963K, committed 119760K, reserved 1153024K
  class space    used 14780K, capacity 16085K, committed 16460K, reserved 1048576K
GC Heap History (20 events):
Event: 45.522 GC heap after
{Heap after GC invocations=34 (full 0):
 garbage-first heap   total 284672K, used 136287K [0x0000000080000000, 0x0000000100000000)
  region size 1024K, 4 young (4096K), 4 survivors (4096K)
 Metaspace       used 113433K, capacity 116623K, committed 117840K, reserved 1150976K
  class space    used 14570K, capacity 15819K, committed 16332K, reserved 1048576K
}
Event: 46.740 GC heap before
{Heap before GC invocations=34 (full 0):
 garbage-first heap   total 284672K, used 243807K [0x0000000080000000, 0x0000000100000000)
  region size 1024K, 109 young (111616K), 4 survivors (4096K)
 Metaspace       used 113445K, capacity 116627K, committed 117840K, reserved 1150976K
  class space    used 14571K, capacity 15820K, committed 16332K, reserved 1048576K
}
Event: 46.757 GC heap after
{Heap after GC invocations=35 (full 0):
 garbage-first heap   total 284672K, used 136704K [0x0000000080000000, 0x0000000100000000)
  region size 1024K, 4 young (4096K), 4 survivors (4096K)
 Metaspace       used 113445K, capacity 116627K, committed 117840K, reserved 1150976K
  class space    used 14571K, capacity 15820K, committed 16332K, reserved 1048576K
}
Event: 48.469 GC heap before
{Heap before GC invocations=36 (full 0):
 garbage-first heap   total 284672K, used 245248K [0x0000000080000000, 0x0000000100000000)
  region size 1024K, 110 young (112640K), 4 survivors (4096K)
 Metaspace       used 113471K, capacity 116628K, committed 117840K, reserved 1150976K
  class space    used 14571K, capacity 15820K, committed 16332K, reserved 1048576K
}
Event: 48.484 GC heap after
{Heap after GC invocations=37 (full 0):
 garbage-first heap   total 284672K, used 137072K [0x0000000080000000, 0x0000000100000000)
  region size 1024K, 5 young (5120K), 5 survivors (5120K)
 Metaspace       used 113471K, capacity 116628K, committed 117840K, reserved 1150976K
  class space    used 14571K, capacity 15820K, committed 16332K, reserved 1048576K
}
Event: 48.574 GC heap before
{Heap before GC invocations=37 (full 0):
 garbage-first heap   total 284672K, used 145264K [0x0000000080000000, 0x0000000100000000)
  region size 1024K, 13 young (13312K), 5 survivors (5120K)
 Metaspace       used 113472K, capacity 116628K, committed 117840K, reserved 1150976K
  class space    used 14571K, capacity 15820K, committed 16332K, reserved 1048576K
}
Event: 48.585 GC heap after
{Heap after GC invocations=38 (full 0):
 garbage-first heap   total 284672K, used 135300K [0x0000000080000000, 0x0000000100000000)
  region size 1024K, 2 young (2048K), 2 survivors (2048K)
 Metaspace       used 113472K, capacity 116628K, committed 117840K, reserved 1150976K
  class space    used 14571K, capacity 15820K, committed 16332K, reserved 1048576K
}
Event: 49.324 GC heap before
{Heap before GC invocations=38 (full 0):
 garbage-first heap   total 284672K, used 195716K [0x0000000080000000, 0x0000000100000000)
  region size 1024K, 62 young (63488K), 2 survivors (2048K)
 Metaspace       used 113759K, capacity 116962K, committed 118096K, reserved 1150976K
  class space    used 14575K, capacity 15828K, committed 16332K, reserved 1048576K
}
Event: 49.342 GC heap after
{Heap after GC invocations=39 (full 0):
 garbage-first heap   total 284672K, used 138788K [0x0000000080000000, 0x0000000100000000)
  region size 1024K, 5 young (5120K), 5 survivors (5120K)
 Metaspace       used 113759K, capacity 116962K, committed 118096K, reserved 1150976K
  class space    used 14575K, capacity 15828K, committed 16332K, reserved 1048576K
}
Event: 51.423 GC heap before
{Heap before GC invocations=40 (full 0):
 garbage-first heap   total 284672K, used 283172K [0x0000000080000000, 0x0000000100000000)
  region size 1024K, 103 young (105472K), 5 survivors (5120K)
 Metaspace       used 115155K, capacity 118352K, committed 119248K, reserved 1153024K
  class space    used 14744K, capacity 16036K, committed 16460K, reserved 1048576K
}
Event: 51.479 GC heap after
{Heap after GC invocations=41 (full 0):
 garbage-first heap   total 312320K, used 183854K [0x0000000080000000, 0x0000000100000000)
  region size 1024K, 14 young (14336K), 14 survivors (14336K)
 Metaspace       used 115155K, capacity 118352K, committed 119248K, reserved 1153024K
  class space    used 14744K, capacity 16036K, committed 16460K, reserved 1048576K
}
Event: 51.492 GC heap before
{Heap before GC invocations=41 (full 0):
 garbage-first heap   total 312320K, used 185902K [0x0000000080000000, 0x0000000100000000)
  region size 1024K, 15 young (15360K), 14 survivors (14336K)
 Metaspace       used 115155K, capacity 118352K, committed 119248K, reserved 1153024K
  class space    used 14744K, capacity 16036K, committed 16460K, reserved 1048576K
}
Event: 51.522 GC heap after
{Heap after GC invocations=42 (full 0):
 garbage-first heap   total 312320K, used 182923K [0x0000000080000000, 0x0000000100000000)
  region size 1024K, 2 young (2048K), 2 survivors (2048K)
 Metaspace       used 115155K, capacity 118352K, committed 119248K, reserved 1153024K
  class space    used 14744K, capacity 16036K, committed 16460K, reserved 1048576K
}
Event: 51.630 GC heap before
{Heap before GC invocations=42 (full 0):
 garbage-first heap   total 312320K, used 196235K [0x0000000080000000, 0x0000000100000000)
  region size 1024K, 16 young (16384K), 2 survivors (2048K)
 Metaspace       used 115160K, capacity 118416K, committed 119248K, reserved 1153024K
  class space    used 14744K, capacity 16036K, committed 16460K, reserved 1048576K
}
Event: 51.645 GC heap after
{Heap after GC invocations=43 (full 0):
 garbage-first heap   total 312320K, used 187028K [0x0000000080000000, 0x0000000100000000)
  region size 1024K, 6 young (6144K), 6 survivors (6144K)
 Metaspace       used 115160K, capacity 118416K, committed 119248K, reserved 1153024K
  class space    used 14744K, capacity 16036K, committed 16460K, reserved 1048576K
}
Event: 52.821 GC heap before
{Heap before GC invocations=44 (full 0):
 garbage-first heap   total 312320K, used 249492K [0x0000000080000000, 0x0000000100000000)
  region size 1024K, 72 young (73728K), 6 survivors (6144K)
 Metaspace       used 115634K, capacity 118899K, committed 119504K, reserved 1153024K
  class space    used 14780K, capacity 16085K, committed 16460K, reserved 1048576K
}
Event: 52.893 GC heap after
{Heap after GC invocations=45 (full 0):
 garbage-first heap   total 312320K, used 212992K [0x0000000080000000, 0x0000000100000000)
  region size 1024K, 9 young (9216K), 9 survivors (9216K)
 Metaspace       used 115634K, capacity 118899K, committed 119504K, reserved 1153024K
  class space    used 14780K, capacity 16085K, committed 16460K, reserved 1048576K
}
Event: 52.955 GC heap before
{Heap before GC invocations=45 (full 0):
 garbage-first heap   total 312320K, used 219136K [0x0000000080000000, 0x0000000100000000)
  region size 1024K, 15 young (15360K), 9 survivors (9216K)
 Metaspace       used 115635K, capacity 118899K, committed 119504K, reserved 1153024K
  class space    used 14780K, capacity 16085K, committed 16460K, reserved 1048576K
}
Event: 53.013 GC heap after
{Heap after GC invocations=46 (full 0):
 garbage-first heap   total 312320K, used 205312K [0x0000000080000000, 0x0000000100000000)
  region size 1024K, 2 young (2048K), 2 survivors (2048K)
 Metaspace       used 115635K, capacity 118899K, committed 119504K, reserved 1153024K
  class space    used 14780K, capacity 16085K, committed 16460K, reserved 1048576K
}
Event: 53.251 GC heap before
{Heap before GC invocations=46 (full 0):
 garbage-first heap   total 312320K, used 246272K [0x0000000080000000, 0x0000000100000000)
  region size 1024K, 43 young (44032K), 2 survivors (2048K)
 Metaspace       used 115676K, capacity 118963K, committed 119760K, reserved 1153024K
  class space    used 14780K, capacity 16085K, committed 16460K, reserved 1048576K
}

