# JRE version: OpenJDK Runtime Environment (11.0.15) (build 11.0.15+0-b2043.56-9505619)
# Java VM: OpenJDK 64-Bit Server VM (11.0.15+0-b2043.56-9505619, mixed mode, tiered, compressed oops, g1 gc, windows-amd64)
Heap:
 garbage-first heap   total 358400K, used 275280K [0x0000000080000000, 0x0000000100000000)
  region size 1024K, 15 young (15360K), 3 survivors (3072K)
 Metaspace       used 160764K, capacity 165789K, committed 166864K, reserved 1193984K
  class space    used 19820K, capacity 21639K, committed 22144K, reserved 1048576K
GC Heap History (20 events):
Event: 381.025 GC heap before
{Heap before GC invocations=97 (full 0):
 garbage-first heap   total 358400K, used 259607K [0x0000000080000000, 0x0000000100000000)
  region size 1024K, 17 young (17408K), 4 survivors (4096K)
 Metaspace       used 156011K, capacity 160950K, committed 161232K, reserved 1189888K
  class space    used 19478K, capacity 21274K, committed 21376K, reserved 1048576K
}
Event: 381.050 GC heap after
{Heap after GC invocations=98 (full 0):
 garbage-first heap   total 358400K, used 242001K [0x0000000080000000, 0x0000000100000000)
  region size 1024K, 1 young (1024K), 1 survivors (1024K)
 Metaspace       used 156011K, capacity 160950K, committed 161232K, reserved 1189888K
  class space    used 19478K, capacity 21274K, committed 21376K, reserved 1048576K
}
Event: 382.403 GC heap before
{Heap before GC invocations=98 (full 0):
 garbage-first heap   total 358400K, used 296273K [0x0000000080000000, 0x0000000100000000)
  region size 1024K, 54 young (55296K), 1 survivors (1024K)
 Metaspace       used 159671K, capacity 165062K, committed 165200K, reserved 1191936K
  class space    used 19944K, capacity 21931K, committed 22016K, reserved 1048576K
}
Event: 382.418 GC heap after
{Heap after GC invocations=99 (full 0):
 garbage-first heap   total 358400K, used 244247K [0x0000000080000000, 0x0000000100000000)
  region size 1024K, 3 young (3072K), 3 survivors (3072K)
 Metaspace       used 159671K, capacity 165062K, committed 165200K, reserved 1191936K
  class space    used 19944K, capacity 21931K, committed 22016K, reserved 1048576K
}
Event: 383.722 GC heap before
{Heap before GC invocations=100 (full 0):
 garbage-first heap   total 358400K, used 298519K [0x0000000080000000, 0x0000000100000000)
  region size 1024K, 57 young (58368K), 3 survivors (3072K)
 Metaspace       used 159703K, capacity 164787K, committed 165712K, reserved 1193984K
  class space    used 19767K, capacity 21621K, committed 22016K, reserved 1048576K
}
Event: 383.741 GC heap after
{Heap after GC invocations=101 (full 0):
 garbage-first heap   total 358400K, used 252732K [0x0000000080000000, 0x0000000100000000)
  region size 1024K, 8 young (8192K), 8 survivors (8192K)
 Metaspace       used 159703K, capacity 164787K, committed 165712K, reserved 1193984K
  class space    used 19767K, capacity 21621K, committed 22016K, reserved 1048576K
}
Event: 383.830 GC heap before
{Heap before GC invocations=101 (full 0):
 garbage-first heap   total 358400K, used 261948K [0x0000000080000000, 0x0000000100000000)
  region size 1024K, 17 young (17408K), 8 survivors (8192K)
 Metaspace       used 159775K, capacity 164863K, committed 165968K, reserved 1193984K
  class space    used 19772K, capacity 21623K, committed 22016K, reserved 1048576K
}
Event: 383.849 GC heap after
{Heap after GC invocations=102 (full 0):
 garbage-first heap   total 358400K, used 250567K [0x0000000080000000, 0x0000000100000000)
  region size 1024K, 2 young (2048K), 2 survivors (2048K)
 Metaspace       used 159775K, capacity 164863K, committed 165968K, reserved 1193984K
  class space    used 19772K, capacity 21623K, committed 22016K, reserved 1048576K
}
Event: 384.355 GC heap before
{Heap before GC invocations=102 (full 0):
 garbage-first heap   total 358400K, used 300743K [0x0000000080000000, 0x0000000100000000)
  region size 1024K, 51 young (52224K), 2 survivors (2048K)
 Metaspace       used 160086K, capacity 165141K, committed 165968K, reserved 1193984K
  class space    used 19814K, capacity 21664K, committed 22016K, reserved 1048576K
}
Event: 384.374 GC heap after
{Heap after GC invocations=103 (full 0):
 garbage-first heap   total 358400K, used 255687K [0x0000000080000000, 0x0000000100000000)
  region size 1024K, 7 young (7168K), 7 survivors (7168K)
 Metaspace       used 160086K, capacity 165141K, committed 165968K, reserved 1193984K
  class space    used 19814K, capacity 21664K, committed 22016K, reserved 1048576K
}
Event: 385.278 GC heap before
{Heap before GC invocations=103 (full 0):
 garbage-first heap   total 358400K, used 302791K [0x0000000080000000, 0x0000000100000000)
  region size 1024K, 54 young (55296K), 7 survivors (7168K)
 Metaspace       used 160142K, capacity 165036K, committed 166352K, reserved 1193984K
  class space    used 19759K, capacity 21549K, committed 22144K, reserved 1048576K
}
Event: 385.302 GC heap after
{Heap after GC invocations=104 (full 0):
 garbage-first heap   total 358400K, used 260233K [0x0000000080000000, 0x0000000100000000)
  region size 1024K, 5 young (5120K), 5 survivors (5120K)
 Metaspace       used 160142K, capacity 165036K, committed 166352K, reserved 1193984K
  class space    used 19759K, capacity 21549K, committed 22144K, reserved 1048576K
}
Event: 385.625 GC heap before
{Heap before GC invocations=105 (full 0):
 garbage-first heap   total 358400K, used 305289K [0x0000000080000000, 0x0000000100000000)
  region size 1024K, 49 young (50176K), 5 survivors (5120K)
 Metaspace       used 160254K, capacity 165192K, committed 166608K, reserved 1193984K
  class space    used 19768K, capacity 21555K, committed 22144K, reserved 1048576K
}
Event: 385.657 GC heap after
{Heap after GC invocations=106 (full 0):
 garbage-first heap   total 358400K, used 264433K [0x0000000080000000, 0x0000000100000000)
  region size 1024K, 5 young (5120K), 5 survivors (5120K)
 Metaspace       used 160254K, capacity 165192K, committed 166608K, reserved 1193984K
  class space    used 19768K, capacity 21555K, committed 22144K, reserved 1048576K
}
Event: 385.745 GC heap before
{Heap before GC invocations=106 (full 0):
 garbage-first heap   total 358400K, used 276721K [0x0000000080000000, 0x0000000100000000)
  region size 1024K, 17 young (17408K), 5 survivors (5120K)
 Metaspace       used 160343K, capacity 165236K, committed 166608K, reserved 1193984K
  class space    used 19779K, capacity 21569K, committed 22144K, reserved 1048576K
}
Event: 385.778 GC heap after
{Heap after GC invocations=107 (full 0):
 garbage-first heap   total 358400K, used 261669K [0x0000000080000000, 0x0000000100000000)
  region size 1024K, 1 young (1024K), 1 survivors (1024K)
 Metaspace       used 160343K, capacity 165236K, committed 166608K, reserved 1193984K
  class space    used 19779K, capacity 21569K, committed 22144K, reserved 1048576K
}
Event: 386.136 GC heap before
{Heap before GC invocations=107 (full 0):
 garbage-first heap   total 358400K, used 306725K [0x0000000080000000, 0x0000000100000000)
  region size 1024K, 45 young (46080K), 1 survivors (1024K)
 Metaspace       used 160595K, capacity 165525K, committed 166864K, reserved 1193984K
  class space    used 19810K, capacity 21601K, committed 22144K, reserved 1048576K
}
Event: 386.148 GC heap after
{Heap after GC invocations=108 (full 0):
 garbage-first heap   total 358400K, used 261978K [0x0000000080000000, 0x0000000100000000)
  region size 1024K, 1 young (1024K), 1 survivors (1024K)
 Metaspace       used 160595K, capacity 165525K, committed 166864K, reserved 1193984K
  class space    used 19810K, capacity 21601K, committed 22144K, reserved 1048576K
}
Event: 387.162 GC heap before
{Heap before GC invocations=108 (full 0):
 garbage-first heap   total 358400K, used 309082K [0x0000000080000000, 0x0000000100000000)
  region size 1024K, 47 young (48128K), 1 survivors (1024K)
 Metaspace       used 160700K, capacity 165702K, committed 166864K, reserved 1193984K
  class space    used 19817K, capacity 21635K, committed 22144K, reserved 1048576K
}
Event: 387.168 GC heap after
{Heap after GC invocations=109 (full 0):
 garbage-first heap   total 358400K, used 262684K [0x0000000080000000, 0x0000000100000000)
  region size 1024K, 2 young (2048K), 2 survivors (2048K)
 Metaspace       used 160700K, capacity 165702K, committed 166864K, reserved 1193984K
  class space    used 19817K, capacity 21635K, committed 22144K, reserved 1048576K
}

